19:33:05.672 [main] INFO  testCases.TC001_AccountRegTest - ***Starting TC001_AccountReg***
19:33:05.961 [main] INFO  testCases.TC001_AccountRegTest - ***clicked on my account link***
19:33:06.667 [main] INFO  testCases.TC001_AccountRegTest - ***clicked on register link***
19:33:06.669 [main] INFO  testCases.TC001_AccountRegTest - ***providing customer details***
19:33:08.935 [main] INFO  testCases.TC001_AccountRegTest - ***validating msg***
19:33:09.010 [main] INFO  testCases.TC001_AccountRegTest - ***Finished***
19:36:53.799 [main] INFO  testCases.TC001_AccountRegTest - ***Starting TC001_AccountReg***
19:36:54.022 [main] INFO  testCases.TC001_AccountRegTest - ***clicked on my account link***
19:36:55.021 [main] INFO  testCases.TC001_AccountRegTest - ***clicked on register link***
19:36:55.025 [main] INFO  testCases.TC001_AccountRegTest - ***providing customer details***
19:36:57.025 [main] INFO  testCases.TC001_AccountRegTest - ***validating msg***
19:36:57.097 [main] INFO  testCases.TC001_AccountRegTest - ***Finished***
19:37:55.051 [main] INFO  testCases.TC001_AccountRegTest - ***Starting TC001_AccountReg***
19:37:55.470 [main] INFO  testCases.TC001_AccountRegTest - ***clicked on my account link***
19:37:56.150 [main] INFO  testCases.TC001_AccountRegTest - ***clicked on register link***
19:37:56.153 [main] INFO  testCases.TC001_AccountRegTest - ***providing customer details***
19:37:58.169 [main] INFO  testCases.TC001_AccountRegTest - ***validating msg***
19:37:58.246 [main] INFO  testCases.TC001_AccountRegTest - ***Finished***
19:38:52.582 [main] INFO  testCases.TC001_AccountRegTest - ***Starting TC001_AccountReg***
19:38:52.862 [main] INFO  testCases.TC001_AccountRegTest - ***clicked on my account link***
19:38:53.463 [main] INFO  testCases.TC001_AccountRegTest - ***clicked on register link***
19:38:53.467 [main] INFO  testCases.TC001_AccountRegTest - ***providing customer details***
19:38:55.583 [main] INFO  testCases.TC001_AccountRegTest - ***validating msg***
00:22:28.774 [main] INFO  testCases.TC001_AccountRegTest - ***Starting TC001_AccountReg***
00:22:29.060 [main] INFO  testCases.TC001_AccountRegTest - ***clicked on my account link***
00:22:29.706 [main] INFO  testCases.TC001_AccountRegTest - ***clicked on register link***
00:22:29.711 [main] INFO  testCases.TC001_AccountRegTest - ***providing customer details***
00:22:32.444 [main] INFO  testCases.TC001_AccountRegTest - ***validating msg***
00:22:32.517 [main] INFO  testCases.TC001_AccountRegTest - ***Finished***
00:38:05.993 [main] INFO  testCases.TC001_AccountRegTest - ***Starting TC001_AccountReg***
00:38:06.284 [main] INFO  testCases.TC001_AccountRegTest - ***clicked on my account link***
00:38:06.919 [main] INFO  testCases.TC001_AccountRegTest - ***clicked on register link***
00:38:06.922 [main] INFO  testCases.TC001_AccountRegTest - ***providing customer details***
00:38:08.981 [main] INFO  testCases.TC001_AccountRegTest - ***validating msg***
00:38:09.055 [main] INFO  testCases.TC001_AccountRegTest - ***Finished***
00:38:18.647 [main] INFO  testCases.TC001_AccountRegTest - ***Starting TC001_AccountReg***
00:38:18.803 [main] INFO  testCases.TC001_AccountRegTest - ***clicked on my account link***
00:38:19.387 [main] INFO  testCases.TC001_AccountRegTest - ***clicked on register link***
00:38:19.388 [main] INFO  testCases.TC001_AccountRegTest - ***providing customer details***
00:38:20.555 [main] INFO  testCases.TC001_AccountRegTest - ***validating msg***
00:38:21.457 [main] INFO  testCases.TC001_AccountRegTest - ***Finished***
00:39:33.679 [TestNG-tests-1] INFO  testCases.TC001_AccountRegTest - ***Starting TC001_AccountReg***
00:39:34.007 [TestNG-tests-1] INFO  testCases.TC001_AccountRegTest - ***clicked on my account link***
00:39:34.096 [TestNG-tests-2] INFO  testCases.TC001_AccountRegTest - ***Starting TC001_AccountReg***
00:39:34.399 [TestNG-tests-2] INFO  testCases.TC001_AccountRegTest - ***clicked on my account link***
00:39:34.999 [TestNG-tests-1] INFO  testCases.TC001_AccountRegTest - ***clicked on register link***
00:39:35.008 [TestNG-tests-1] INFO  testCases.TC001_AccountRegTest - ***providing customer details***
00:39:35.468 [TestNG-tests-2] INFO  testCases.TC001_AccountRegTest - ***clicked on register link***
00:39:35.472 [TestNG-tests-2] INFO  testCases.TC001_AccountRegTest - ***providing customer details***
00:39:36.972 [TestNG-tests-2] INFO  testCases.TC001_AccountRegTest - ***validating msg***
00:39:38.140 [TestNG-tests-1] INFO  testCases.TC001_AccountRegTest - ***validating msg***
00:39:38.272 [TestNG-tests-1] INFO  testCases.TC001_AccountRegTest - ***Finished***
00:39:38.272 [TestNG-tests-2] INFO  testCases.TC001_AccountRegTest - ***Finished***
01:03:21.412 [main] INFO  testCases.TC001_AccountRegTest - ***Starting TC001_AccountReg***
01:03:21.671 [main] INFO  testCases.TC001_AccountRegTest - ***clicked on my account link***
01:03:22.328 [main] INFO  testCases.TC001_AccountRegTest - ***clicked on register link***
