20:10:34.764 [main] DEBUG org.apache.poi.openxml4j.opc.PackageRelationshipCollection - Parsing relationship: /_rels/.rels
20:10:34.826 [main] DEBUG org.apache.poi.openxml4j.opc.PackageRelationshipCollection - Parsing relationship: /xl/_rels/workbook.xml.rels
20:10:34.828 [main] DEBUG org.apache.poi.openxml4j.opc.PackageRelationshipCollection - Parsing relationship: /xl/worksheets/_rels/sheet1.xml.rels
20:10:34.830 [main] DEBUG org.apache.poi.openxml4j.opc.PackageRelationshipCollection - Parsing relationship: /_rels/.rels
20:10:34.861 [main] DEBUG org.apache.poi.openxml4j.opc.PackageRelationshipCollection - Parsing relationship: /xl/_rels/workbook.xml.rels
20:10:34.864 [main] DEBUG org.apache.poi.openxml4j.opc.PackageRelationshipCollection - Parsing relationship: /xl/worksheets/_rels/sheet1.xml.rels
20:10:34.868 [main] DEBUG org.apache.poi.openxml4j.opc.PackageRelationshipCollection - Parsing relationship: /_rels/.rels
20:10:34.910 [main] DEBUG org.apache.poi.openxml4j.opc.PackageRelationshipCollection - Parsing relationship: /xl/_rels/workbook.xml.rels
20:10:34.917 [main] DEBUG org.apache.poi.openxml4j.opc.PackageRelationshipCollection - Parsing relationship: /xl/worksheets/_rels/sheet1.xml.rels
20:10:34.919 [main] DEBUG org.apache.poi.openxml4j.opc.PackageRelationshipCollection - Parsing relationship: /_rels/.rels
20:10:34.954 [main] DEBUG org.apache.poi.openxml4j.opc.PackageRelationshipCollection - Parsing relationship: /xl/_rels/workbook.xml.rels
20:10:34.955 [main] DEBUG org.apache.poi.openxml4j.opc.PackageRelationshipCollection - Parsing relationship: /xl/worksheets/_rels/sheet1.xml.rels
20:10:34.956 [main] DEBUG org.apache.poi.openxml4j.opc.PackageRelationshipCollection - Parsing relationship: /_rels/.rels
20:10:35.022 [main] INFO  testCases.TC003_LoginDDT - ***Strating TC003_LoginDDT***
20:10:38.381 [main] INFO  testCases.TC003_LoginDDT - ***finished TC003_LoginDDT***
20:10:38.393 [main] INFO  testCases.TC003_LoginDDT - ***Strating TC003_LoginDDT***
20:10:50.140 [main] INFO  testCases.TC003_LoginDDT - ***finished TC003_LoginDDT***
20:10:50.148 [main] INFO  testCases.TC003_LoginDDT - ***Strating TC003_LoginDDT***
20:11:02.367 [main] INFO  testCases.TC003_LoginDDT - ***finished TC003_LoginDDT***
20:11:02.381 [main] INFO  testCases.TC003_LoginDDT - ***Strating TC003_LoginDDT***
20:11:05.054 [main] INFO  testCases.TC003_LoginDDT - ***finished TC003_LoginDDT***
23:50:53.685 [main] INFO  testCases.TC001_AccountRegTest - ***Starting TC001_AccountReg***
23:50:53.958 [main] INFO  testCases.TC001_AccountRegTest - ***clicked on my account link***
23:50:54.726 [main] INFO  testCases.TC001_AccountRegTest - ***clicked on register link***
23:50:54.735 [main] INFO  testCases.TC001_AccountRegTest - ***providing customer details***
23:50:57.689 [main] INFO  testCases.TC001_AccountRegTest - ***validating msg***
23:50:57.839 [main] INFO  testCases.TC001_AccountRegTest - ***Finished***
23:51:11.290 [main] INFO  testCases.TC002_LoginTest - ***Starting TC_002_LoginTest***
23:51:14.891 [main] INFO  testCases.TC002_LoginTest - ***Finished Test***
23:52:59.354 [main] INFO  testCases.TC002_LoginTest - ***Starting TC_002_LoginTest***
23:53:02.244 [main] INFO  testCases.TC002_LoginTest - ***Finished Test***
19:02:25.122 [main] INFO  testCases.TC001_AccountRegTest - ***Starting TC001_AccountReg***
19:02:25.466 [main] INFO  testCases.TC001_AccountRegTest - ***clicked on my account link***
19:02:26.584 [main] INFO  testCases.TC001_AccountRegTest - ***clicked on register link***
19:02:26.594 [main] INFO  testCases.TC001_AccountRegTest - ***providing customer details***
19:02:30.081 [main] INFO  testCases.TC001_AccountRegTest - ***validating msg***
19:02:30.226 [main] INFO  testCases.TC001_AccountRegTest - ***Finished***
19:02:34.077 [main] INFO  testCases.TC002_LoginTest - ***Starting TC_002_LoginTest***
19:02:36.883 [main] INFO  testCases.TC002_LoginTest - ***Finished Test***
19:05:36.348 [main] INFO  testCases.TC001_AccountRegTest - ***Starting TC001_AccountReg***
19:05:36.638 [main] INFO  testCases.TC001_AccountRegTest - ***clicked on my account link***
19:05:37.809 [main] INFO  testCases.TC001_AccountRegTest - ***clicked on register link***
19:05:37.818 [main] INFO  testCases.TC001_AccountRegTest - ***providing customer details***
19:05:41.315 [main] INFO  testCases.TC001_AccountRegTest - ***validating msg***
19:05:41.422 [main] INFO  testCases.TC001_AccountRegTest - ***Finished***
19:05:44.989 [main] INFO  testCases.TC002_LoginTest - ***Starting TC_002_LoginTest***
19:05:47.551 [main] INFO  testCases.TC002_LoginTest - ***Finished Test***
19:18:38.240 [main] INFO  testCases.TC001_AccountRegTest - ***Starting TC001_AccountReg***
19:18:38.541 [main] INFO  testCases.TC001_AccountRegTest - ***clicked on my account link***
19:18:39.308 [main] INFO  testCases.TC001_AccountRegTest - ***clicked on register link***
19:18:39.313 [main] INFO  testCases.TC001_AccountRegTest - ***providing customer details***
